<?xml version="1.0" encoding="UTF-8"?>
<testsuites name="Mocha Tests" time="0.224" tests="1" failures="1">
  <testsuite name="Root Suite" timestamp="2019-01-26T18:35:36" tests="0" failures="0" time="0">
  </testsuite>
  <testsuite name="Business rules" timestamp="2019-01-26T18:35:36" tests="1" failures="1" time="0.224">
    <testcase name="Business rules do something" time="0.224" classname="do something">
      <failure message="Cannot read property &apos;indexOf&apos; of undefined" type="TypeError"><![CDATA[Cannot read property 'indexOf' of undefined]]></failure>
    </testcase>
  </testsuite>
</testsuites>